2019-09-09T22:34:10.755Z [App] info: 	Server started!
2019-09-10T00:25:56.481Z [App] info: 	Server started!
2019-09-10T00:26:12.440Z [App] info: 	GET / 200 6 - 5.707 ms
2019-09-10T00:26:13.545Z [App] info: 	GET / 200 24 - 1.796 ms
2019-09-10T00:26:14.125Z [App] info: 	GET / 200 24 - 0.655 ms
2019-09-10T00:26:42.552Z [App] info: 	GET /api 200 16 - 1.406 ms
2019-09-10T01:17:27.149Z [App] info: 	Server started!
2019-09-10T01:17:33.638Z [App] info: 	GET / 404 139 - 4.330 ms
2019-09-10T01:19:53.196Z [App] info: 	Server started!
2019-09-10T01:19:57.176Z [App] info: 	GET / 200 6 - 6.087 ms
2019-09-10T01:20:17.492Z [App] info: 	Server started!
2019-09-10T01:20:21.243Z [App] info: 	GET / 200 6 - 6.253 ms
2019-09-10T01:20:23.017Z [App] info: 	GET / 200 24 - 1.027 ms
2019-09-10T01:20:23.405Z [App] info: 	GET / 200 24 - 1.302 ms
2019-09-10T01:20:23.644Z [App] info: 	GET / 200 24 - 0.427 ms
2019-09-10T01:20:23.815Z [App] info: 	GET / 200 24 - 0.395 ms
2019-09-10T01:33:01.974Z [App] info: 	Server started!
2019-09-10T01:33:23.121Z [App] info: 	GET / 200 6 - 4.255 ms
2019-09-10T01:33:24.552Z [App] info: 	GET / 200 24 - 1.130 ms
2019-09-10T01:33:24.731Z [App] info: 	GET / 200 24 - 0.645 ms
2019-09-10T01:33:24.945Z [App] info: 	GET / 200 24 - 0.527 ms
2019-09-10T01:33:25.132Z [App] info: 	GET / 200 24 - 0.654 ms
2019-09-10T01:42:19.377Z [App] info: 	Hello World!
2019-09-10T01:42:19.389Z [App] info: 	Server started!
2019-09-10T01:43:05.413Z [App] info: 	Hello World!
2019-09-10T01:43:05.429Z [App] info: 	Server started!
2019-09-10T01:45:36.496Z [SomeClass] info: 	Hello World!
2019-09-10T01:45:36.507Z [App] info: 	Server started!
2019-09-10T01:49:52.322Z [SomeClass] info: 	Hello World!
2019-09-10T01:49:52.333Z [App] info: 	Server started!
2019-09-10T01:49:58.132Z [App] info: 	GET / 200 6 - 10.609 ms
2019-09-10T01:49:59.014Z [App] info: 	GET / 200 24 - 1.611 ms
2019-09-10T01:49:59.393Z [App] info: 	GET / 200 24 - 0.895 ms
2019-09-10T01:49:59.806Z [App] info: 	GET / 200 24 - 1.003 ms
2019-09-10T01:49:59.989Z [App] info: 	GET / 200 24 - 0.371 ms
2019-09-10T01:50:00.216Z [App] info: 	GET / 200 24 - 0.737 ms
